2022.12.23 15:46:21 INFO  tracing is disabled for protocol LSP, to enable tracing of incoming and outgoing JSON messages create an empty file at d:\Anul 3\Semestrul 1\Limbaje formale si automate\schelet_scala\skel-scala\.metals\lsp.trace.json or C:\Users\andre\AppData\Local\scalameta\metals\cache\lsp.trace.json
2022.12.23 15:46:22 INFO  logging to file D:\Anul 3\Semestrul 1\Limbaje formale si automate\schelet_scala\skel-scala\.metals\metals.log
2022.12.23 15:46:22 INFO  Started: Metals version 0.11.9 in workspace 'D:\Anul 3\Semestrul 1\Limbaje formale si automate\schelet_scala\skel-scala' for client Visual Studio Code 1.73.1.
2022.12.23 15:46:23 INFO  time: initialize in 1.63s
2022.12.23 15:46:25 WARN  Build server is not auto-connectable.
2022.12.23 15:46:25 WARN  no build target for: D:\Anul 3\Semestrul 1\Limbaje formale si automate\schelet_scala\skel-scala\src\main\scala\Nfa.scala
2022.12.23 15:46:32 INFO  no build target found for D:\Anul 3\Semestrul 1\Limbaje formale si automate\schelet_scala\skel-scala\src\main\scala\Nfa.scala. Using presentation compiler with project's scala-library version: 3.2.0
2022.12.23 15:46:35 INFO  time: code lens generation in 8.81s
2022.12.23 15:46:44 WARN  no build target for: D:\Anul 3\Semestrul 1\Limbaje formale si automate\schelet_scala\skel-scala\src\main\scala\Dfa.scala
2022.12.23 15:47:13 WARN  no build target for: D:\Anul 3\Semestrul 1\Limbaje formale si automate\schelet_scala\skel-scala\src\test\scala\DfaTests.scala
2022.12.26 14:35:24 INFO  shutting down Metals
2022.12.26 14:35:24 ERROR Unexpected error initializing serverorg.eclipse.lsp4j.jsonrpc.ResponseErrorException: Request window/showMessageRequest failed with message: Canceled
	at org.eclipse.lsp4j.jsonrpc.RemoteEndpoint.handleResponse(RemoteEndpoint.java:209)
	at org.eclipse.lsp4j.jsonrpc.RemoteEndpoint.consume(RemoteEndpoint.java:193)
	at org.eclipse.lsp4j.jsonrpc.json.StreamMessageProducer.handleMessage(StreamMessageProducer.java:194)
	at org.eclipse.lsp4j.jsonrpc.json.StreamMessageProducer.listen(StreamMessageProducer.java:94)
	at org.eclipse.lsp4j.jsonrpc.json.ConcurrentMessageProcessor.run(ConcurrentMessageProcessor.java:113)
	at java.util.concurrent.Executors$RunnableAdapter.call(Executors.java:539)
	at java.util.concurrent.FutureTask.run(FutureTask.java:264)
	at java.util.concurrent.ThreadPoolExecutor.runWorker(ThreadPoolExecutor.java:1136)
	at java.util.concurrent.ThreadPoolExecutor$Worker.run(ThreadPoolExecutor.java:635)
	at java.lang.Thread.run(Thread.java:833)

